[danfoss-drives.com.ua/index.html]
[backblue.gif]
[fade.gif]
[index.html]
[danfoss-drives.com.ua/ru.html]
[danfoss-drives.com.ua/wp-content/themes/technosence/logo_small.png]
[danfoss-drives.com.ua/wp-content/themes/technosence/favicons.ico]
[danfoss-drives.com.ua/wp-content/themes/technosence/css/style.css]
[danfoss-drives.com.ua/wp-content/themes/technosence/images/viber-mobile.png]
[danfoss-drives.com.ua/wp-content/themes/technosence/images/telegram-mobile.png]
[danfoss-drives.com.ua/wp-content/themes/technosence/images/viber.png]
[danfoss-drives.com.ua/wp-content/themes/technosence/images/telegram.png]
[danfoss-drives.com.ua/wp-content/themes/technosence/shape/pdf.html]
[danfoss-drives.com.ua/wp-content/themes/technosence/fancybox/ajax-loader.gif]
[danfoss-drives.com.ua/wp-content/themes/technosence/images/polo_pod_sl.png]
[danfoss-drives.com.ua/wp-content/uploads/2020/04/services_sl_2_img_1.jpg]
[danfoss-drives.com.ua/wp-content/uploads/2020/04/services_sl_1_img_1.jpg]
[danfoss-drives.com.ua/wp-content/uploads/2020/04/services_sl_3_img_1.jpg]
[danfoss-drives.com.ua/wp-content/uploads/2020/04/why_slider_1.png]
[danfoss-drives.com.ua/wp-content/uploads/2020/04/dozvil2.png]
[danfoss-drives.com.ua/wp-content/uploads/2020/04/deklaratsyia2.png]
[danfoss-drives.com.ua/wp-content/uploads/2020/04/clients_8.png]
[danfoss-drives.com.ua/wp-content/uploads/2020/04/clients_7.png]
[danfoss-drives.com.ua/wp-content/uploads/2020/04/clients_6.png]
[danfoss-drives.com.ua/wp-content/uploads/2020/04/clients_5.png]
[danfoss-drives.com.ua/wp-content/uploads/2020/04/clients_4.jpg]
[danfoss-drives.com.ua/wp-content/uploads/2020/04/clients_3.png]
[danfoss-drives.com.ua/wp-content/uploads/2020/04/clients_2.png]
[danfoss-drives.com.ua/wp-content/uploads/2020/04/clients_1.png]
[danfoss-drives.com.ua/wp-content/themes/technosence/images/technical_img.png]
[cdnjs.cloudflare.com/ajax/libs/jquery/3.2.1/jquery.min.js]
[danfoss-drives.com.ua/wp-content/themes/technosence/libs/jquery.maskedinput.min.js]
[danfoss-drives.com.ua/wp-content/themes/technosence/libs/menu.js]
[danfoss-drives.com.ua/index.html]
[danfoss-drives.com.ua/ru.html]
[danfoss-drives.com.ua/wp-content/themes/technosence/logo_small.html]
[danfoss-drives.com.ua/wp-content/themes/technosence/libs/main.js]
[danfoss-drives.com.ua/wp-content/themes/technosence/fonts/GothamProLight.ttf]
[danfoss-drives.com.ua/wp-content/themes/technosence/fonts/GothamProLight.eot]
[danfoss-drives.com.ua/wp-content/themes/technosence/fonts/GothamProRegular.ttf]
[danfoss-drives.com.ua/wp-content/themes/technosence/fonts/GothamProRegular.eot]
[danfoss-drives.com.ua/wp-content/themes/technosence/fonts/GothamProMedium.ttf]
[danfoss-drives.com.ua/wp-content/themes/technosence/fonts/GothamProMedium.eot]
[danfoss-drives.com.ua/wp-content/themes/technosence/fonts/GothamProBold.ttf]
[danfoss-drives.com.ua/wp-content/themes/technosence/fonts/GothamProBold.eot]
[danfoss-drives.com.ua/wp-content/themes/technosence/fonts/Verdana-Bold.ttf]
[danfoss-drives.com.ua/wp-content/themes/technosence/fonts/erdana-Bold.eot]
[danfoss-drives.com.ua/wp-content/themes/technosence/images/head_bg.jpg]
[danfoss-drives.com.ua/wp-content/themes/technosence/images/pdf.svg]
[danfoss-drives.com.ua/wp-content/themes/technosence/images/logo_danfoss.svg]
[danfoss-drives.com.ua/wp-content/themes/technosence/images/bg_toch.png]
[danfoss-drives.com.ua/wp-content/themes/technosence/images/tel.svg]
[danfoss-drives.com.ua/wp-content/themes/technosence/images/logo_techosens.svg]
[danfoss-drives.com.ua/wp-content/themes/technosence/images/services_bg.jpg]
[danfoss-drives.com.ua/wp-content/themes/technosence/images/consultation_bg.jpg]
[danfoss-drives.com.ua/wp-content/themes/technosence/images/technical_bg.jpg]
[danfoss-drives.com.ua/wp-content/themes/technosence/images/h3_kv.jpg]
[danfoss-drives.com.ua/wp-content/themes/technosence/images/scheme_polo.jpg]
[danfoss-drives.com.ua/wp-content/themes/technosence/images/scheme_polo2.jpg]
[danfoss-drives.com.ua/wp-content/themes/technosence/images/contacts_bg.jpg]
[danfoss-drives.com.ua/wp-content/themes/technosence/images/cont_bg.png]
[danfoss-drives.com.ua/wp-content/themes/technosence/images/logo_techosens_f.svg]
[danfoss-drives.com.ua/wp-content/themes/technosence/css/style.css]
[danfoss-drives.com.ua/wp-content/themes/technosence/css/style_ie.css]
[www.googletagmanager.com/gtm5445.html]
[danfoss-drives.com.ua/wp-content/themes/technosence/images/logo_push-k.svg]
[danfoss-drives.com.ua/wp-content/themes/technosence/shape/GET]
[danfoss-drives.com.ua/wp-content/themes/technosence/shape/pdf.html]
[danfoss-drives.com.ua/wp-content/themes/technosence/fonts/erdana-Bold.html]
[danfoss-drives.com.ua/wp-content/themes/technosence/images/pdf.svg]
[danfoss-drives.com.ua/wp-content/themes/technosence/shape/giItT1WQy@!-/index.html]
[danfoss-drives.com.ua/wp-content/themes/technosence/shape/images/index.html]
[danfoss-drives.com.ua/wp-content/themes/technosence/images/663AC99E.3b.delayed]
[danfoss-drives.com.ua/wp-content/themes/technosence/images/663AC9A2.jpg]
[danfoss-drives.com.ua/wp-content/themes/technosence/images/663AC9A5.jpg]
[danfoss-drives.com.ua/wp-content/themes/technosence/images/663AC9A6.jpg]
[danfoss-drives.com.ua/wp-content/themes/technosence/images/663AC9A4.jpg]
[danfoss-drives.com.ua/wp-content/themes/technosence/images/663AC9A3.jpg]
[danfoss-drives.com.ua/wp-content/themes/technosence/images/663AC9AD.jpg]
[danfoss-drives.com.ua/wp-content/themes/technosence/images/663AC9AE.jpg]
[danfoss-drives.com.ua/wp-content/themes/technosence/images/logo_danfoss.svg]
[danfoss-drives.com.ua/wp-content/themes/technosence/images/bg_toch.html]
[danfoss-drives.com.ua/wp-content/themes/technosence/images/tel.svg]
[danfoss-drives.com.ua/wp-content/themes/technosence/images/9DCC5872.jpg]
[danfoss-drives.com.ua/wp-content/themes/technosence/images/logo_techosens.svg]
[danfoss-drives.com.ua/wp-content/themes/technosence/images/9DCC5871.jpg]
[danfoss-drives.com.ua/wp-content/themes/technosence/images/logo_techosens_f.svg]
[danfoss-drives.com.ua/wp-content/themes/technosence/images/logo_push-k.svg]
[danfoss-drives.com.ua/wp-content/themes/technosence/shape/giItT1WQy@!-/index.html]
[danfoss-drives.com.ua/wp-content/themes/technosence/shape/images/index.html]
[danfoss-drives.com.ua/wp-content/themes/technosence/shape/GET.html]
[danfoss-drives.com.ua/wp-content/themes/technosence/images/663AC99E.html]
[danfoss-drives.com.ua/wp-content/themes/technosence/images/663AC9A2.html]
[danfoss-drives.com.ua/wp-content/themes/technosence/images/663AC9A5.html]
[danfoss-drives.com.ua/wp-content/themes/technosence/images/663AC9A6.html]
[danfoss-drives.com.ua/wp-content/themes/technosence/images/663AC9A4.html]
[danfoss-drives.com.ua/wp-content/themes/technosence/images/663AC9A3.html]
[danfoss-drives.com.ua/wp-content/themes/technosence/images/663AC9AD.html]
[danfoss-drives.com.ua/wp-content/themes/technosence/images/663AC9AE.html]
[danfoss-drives.com.ua/wp-content/themes/technosence/images/9DCC5872.html]
[danfoss-drives.com.ua/wp-content/themes/technosence/images/9DCC5871.html]
